# JRE version: Java(TM) SE Runtime Environment (8.0_66-b18) (build 1.8.0_66-b18)
# Java VM: Java HotSpot(TM) Client VM (25.66-b18 mixed mode windows-x86 )
Heap:
 def new generation   total 15424K, used 1639K [0x04600000, 0x056b0000, 0x09b50000)
  eden space 13760K,  11% used [0x04600000, 0x04799ca8, 0x05370000)
  from space 1664K,   0% used [0x05510000, 0x05510000, 0x056b0000)
  to   space 1664K,   0% used [0x05370000, 0x05370000, 0x05510000)
 tenured generation   total 34028K, used 17254K [0x09b50000, 0x0bc8b000, 0x14600000)
   the space 34028K,  50% used [0x09b50000, 0x0ac29af0, 0x0ac29c00, 0x0bc8b000)
 Metaspace       used 13130K, capacity 13504K, committed 13696K, reserved 13696K
GC Heap History (10 events):
Event: 1271.926 GC heap before
{Heap before GC invocations=349 (full 35):
 def new generation   total 15424K, used 1613K [0x04600000, 0x056b0000, 0x09b50000)
  eden space 13760K,  11% used [0x04600000, 0x047937e0, 0x05370000)
  from space 1664K,   0% used [0x05370000, 0x05370000, 0x05510000)
  to   space 1664K,   0% used [0x05510000, 0x05510000, 0x056b0000)
 tenured generation   total 34028K, used 18039K [0x09b50000, 0x0bc8b000, 0x14600000)
   the space 34028K,  53% used [0x09b50000, 0x0acedf30, 0x0acee000, 0x0bc8b000)
 Metaspace       used 13063K, capacity 13425K, committed 13696K, reserved 13696K
Event: 1271.929 GC heap after
Heap after GC invocations=350 (full 35):
 def new generation   total 15424K, used 7K [0x04600000, 0x056b0000, 0x09b50000)
  eden space 13760K,   0% used [0x04600000, 0x04600000, 0x05370000)
  from space 1664K,   0% used [0x05510000, 0x05511e30, 0x056b0000)
  to   space 1664K,   0% used [0x05370000, 0x05370000, 0x05510000)
 tenured generation   total 34028K, used 18039K [0x09b50000, 0x0bc8b000, 0x14600000)
   the space 34028K,  53% used [0x09b50000, 0x0acedf30, 0x0acee000, 0x0bc8b000)
 Metaspace       used 13063K, capacity 13425K, committed 13696K, reserved 13696K
}
Event: 1272.389 GC heap before
{Heap before GC invocations=350 (full 35):
 def new generation   total 15424K, used 306K [0x04600000, 0x056b0000, 0x09b50000)
  eden space 13760K,   2% used [0x04600000, 0x0464ad70, 0x05370000)
  from space 1664K,   0% used [0x05510000, 0x05511e30, 0x056b0000)
  to   space 1664K,   0% used [0x05370000, 0x05370000, 0x05510000)
 tenured generation   total 34028K, used 18039K [0x09b50000, 0x0bc8b000, 0x14600000)
   the space 34028K,  53% used [0x09b50000, 0x0acedf30, 0x0acee000, 0x0bc8b000)
 Metaspace       used 13063K, capacity 13425K, committed 13696K, reserved 13696K
Event: 1272.429 GC heap after
Heap after GC invocations=351 (full 36):
 def new generation   total 15424K, used 0K [0x04600000, 0x056b0000, 0x09b50000)
  eden space 13760K,   0% used [0x04600000, 0x04600000, 0x05370000)
  from space 1664K,   0% used [0x05510000, 0x05510000, 0x056b0000)
  to   space 1664K,   0% used [0x05370000, 0x05370000, 0x05510000)
 tenured generation   total 34028K, used 17248K [0x09b50000, 0x0bc8b000, 0x14600000)
   the space 34028K,  50% used [0x09b50000, 0x0ac280a8, 0x0ac28200, 0x0bc8b000)
 Metaspace       used 13051K, capacity 13410K, committed 13696K, reserved 13696K
}
Event: 1276.405 GC heap before
{Heap before GC invocations=351 (full 36):
 def new generation   total 15424K, used 770K [0x04600000, 0x056b0000, 0x09b50000)
  eden space 13760K,   5% used [0x04600000, 0x046c09b0, 0x05370000)
  from space 1664K,   0% used [0x05510000, 0x05510000, 0x056b0000)
  to   space 1664K,   0% used [0x05370000, 0x05370000, 0x05510000)
 tenured generation   total 34028K, used 17248K [0x09b50000, 0x0bc8b000, 0x14600000)
   the space 34028K,  50% used [0x09b50000, 0x0ac280a8, 0x0ac28200, 0x0bc8b000)
 Metaspace       used 13051K, capacity 13410K, committed 13696K, reserved 13696K
Event: 1276.443 GC heap after
Heap after GC invocations=352 (full 37):
 def new generation   total 15424K, used 0K [0x04600000, 0x056b0000, 0x09b50000)
  eden space 13760K,   0% used [0x04600000, 0x04600000, 0x05370000)
  from space 1664K,   0% used [0x05510000, 0x05510000, 0x056b0000)
  to   space 1664K,   0% used [0x05370000, 0x05370000, 0x05510000)
 tenured generation   total 34028K, used 17250K [0x09b50000, 0x0bc8b000, 0x14600000)
   the space 34028K,  50% used [0x09b50000, 0x0ac28928, 0x0ac28a00, 0x0bc8b000)
 Metaspace       used 13051K, capacity 13410K, committed 13696K, reserved 13696K
}
Event: 1283.072 GC heap before
{Heap before GC invocations=352 (full 37):
 def new generation   total 15424K, used 581K [0x04600000, 0x056b0000, 0x09b50000)
  eden space 13760K,   4% used [0x04600000, 0x046916d0, 0x05370000)
  from space 1664K,   0% used [0x05510000, 0x05510000, 0x056b0000)
  to   space 1664K,   0% used [0x05370000, 0x05370000, 0x05510000)
 tenured generation   total 34028K, used 17250K [0x09b50000, 0x0bc8b000, 0x14600000)
   the space 34028K,  50% used [0x09b50000, 0x0ac28928, 0x0ac28a00, 0x0bc8b000)
 Metaspace       used 13051K, capacity 13410K, committed 13696K, reserved 13696K
Event: 1283.107 GC heap after
Heap after GC invocations=353 (full 38):
 def new generation   total 15424K, used 0K [0x04600000, 0x056b0000, 0x09b50000)
  eden space 13760K,   0% used [0x04600000, 0x04600000, 0x05370000)
  from space 1664K,   0% used [0x05510000, 0x05510000, 0x056b0000)
  to   space 1664K,   0% used [0x05370000, 0x05370000, 0x05510000)
 tenured generation   total 34028K, used 17252K [0x09b50000, 0x0bc8b000, 0x14600000)
   the space 34028K,  50% used [0x09b50000, 0x0ac291c8, 0x0ac29200, 0x0bc8b000)
 Metaspace       used 13051K, capacity 13410K, committed 13696K, reserved 13696K
}
Event: 1288.574 GC heap before
{Heap before GC invocations=353 (full 38):
 def new generation   total 15424K, used 610K [0x04600000, 0x056b0000, 0x09b50000)
  eden space 13760K,   4% used [0x04600000, 0x04698940, 0x05370000)
  from space 1664K,   0% used [0x05510000, 0x05510000, 0x056b0000)
  to   space 1664K,   0% used [0x05370000, 0x05370000, 0x05510000)
 tenured generation   total 34028K, used 17252K [0x09b50000, 0x0bc8b000, 0x14600000)
   the space 34028K,  50% used [0x09b50000, 0x0ac291c8, 0x0ac29200, 0x0bc8b000)
 Metaspace       used 13051K, capacity 13410K, committed 13696K, reserved 13696K
Event: 1288.614 GC heap after
Heap after GC invocations=354 (full 39):
 def new generation   total 15424K, used 0K [0x04600000, 0x056b0000, 0x09b50000)
  eden space 13760K,   0% used [0x04600000, 0x04600000, 0x05370000)
  from space 1664K,   0% used [0x05510000, 0x05510000, 0x056b0000)
  to   space 1664K,   0% used [0x05370000, 0x05370000, 0x05510000)
 tenured generation   total 34028K, used 17254K [0x09b50000, 0x0bc8b000, 0x14600000)
   the space 34028K,  50% used [0x09b50000, 0x0ac29af0, 0x0ac29c00, 0x0bc8b000)
 Metaspace       used 13051K, capacity 13410K, committed 13696K, reserved 13696K
}

